[0m17:43:04.321681 [debug] [MainThread]: Sending event: {'category': 'dbt', 'action': 'invocation', 'label': 'start', 'context': [<snowplow_tracker.self_describing_json.SelfDescribingJson object at 0x000001DC6C0C7430>, <snowplow_tracker.self_describing_json.SelfDescribingJson object at 0x000001DC6EA2EFB0>, <snowplow_tracker.self_describing_json.SelfDescribingJson object at 0x000001DC6EA2EDD0>]}


============================== 17:43:04.337667 | 66d5c5ef-4399-4fd4-89d3-5f52beeb4c79 ==============================
[0m17:43:04.337667 [info ] [MainThread]: Running with dbt=1.7.0
[0m17:43:04.338661 [debug] [MainThread]: running dbt with arguments {'printer_width': '80', 'indirect_selection': 'eager', 'write_json': 'True', 'log_cache_events': 'False', 'partial_parse': 'True', 'cache_selected_only': 'False', 'warn_error': 'None', 'debug': 'False', 'version_check': 'True', 'log_path': 'logs', 'fail_fast': 'False', 'profiles_dir': 'C:\\Users\\HP\\.dbt', 'use_colors': 'True', 'use_experimental_parser': 'False', 'no_print': 'None', 'quiet': 'False', 'warn_error_options': 'WarnErrorOptions(include=[], exclude=[])', 'introspect': 'True', 'static_parser': 'True', 'invocation_command': 'dbt init', 'target_path': 'None', 'log_format': 'default', 'send_anonymous_usage_stats': 'True'}
[0m17:43:12.727879 [debug] [MainThread]: Starter project path: f:\ai\Documents\Sangmeshwar\UTS\Big Data Management\bd_asign3\.venv\lib\site-packages\dbt\include\starter_project
[0m17:43:12.751878 [info ] [MainThread]: 
Your new dbt project "bde" was created!

For more information on how to configure the profiles.yml file,
please consult the dbt documentation here:

  https://docs.getdbt.com/docs/configure-your-profile

One more thing:

Need help? Don't hesitate to reach out to us via GitHub issues or on Slack:

  https://community.getdbt.com/

Happy modeling!

[0m17:43:12.756877 [info ] [MainThread]: Setting up your profile.
[0m17:43:14.240877 [debug] [MainThread]: Command `dbt init` succeeded at 17:43:14.239879 after 10.37 seconds
[0m17:43:14.241875 [debug] [MainThread]: Sending event: {'category': 'dbt', 'action': 'invocation', 'label': 'end', 'context': [<snowplow_tracker.self_describing_json.SelfDescribingJson object at 0x000001DC6C0C7430>, <snowplow_tracker.self_describing_json.SelfDescribingJson object at 0x000001DC6E9A2950>, <snowplow_tracker.self_describing_json.SelfDescribingJson object at 0x000001DC6B91BAF0>]}
[0m17:43:14.243889 [debug] [MainThread]: Flushing usage events
[0m17:43:51.580607 [debug] [MainThread]: Sending event: {'category': 'dbt', 'action': 'invocation', 'label': 'start', 'context': [<snowplow_tracker.self_describing_json.SelfDescribingJson object at 0x00000162DE75F430>, <snowplow_tracker.self_describing_json.SelfDescribingJson object at 0x00000162E10CEF80>, <snowplow_tracker.self_describing_json.SelfDescribingJson object at 0x00000162E10CEDA0>]}


============================== 17:43:51.584642 | 07e49494-033e-410b-b8cb-61fd37f56ea1 ==============================
[0m17:43:51.584642 [info ] [MainThread]: Running with dbt=1.7.0
[0m17:43:51.585623 [debug] [MainThread]: running dbt with arguments {'printer_width': '80', 'indirect_selection': 'eager', 'write_json': 'True', 'log_cache_events': 'False', 'partial_parse': 'True', 'cache_selected_only': 'False', 'warn_error': 'None', 'version_check': 'True', 'profiles_dir': 'C:\\Users\\HP\\.dbt', 'log_path': 'logs', 'fail_fast': 'False', 'debug': 'False', 'use_colors': 'True', 'use_experimental_parser': 'False', 'no_print': 'None', 'quiet': 'False', 'log_format': 'default', 'introspect': 'True', 'static_parser': 'True', 'warn_error_options': 'WarnErrorOptions(include=[], exclude=[])', 'target_path': 'None', 'invocation_command': 'dbt init', 'send_anonymous_usage_stats': 'True'}
[0m17:43:55.782873 [info ] [MainThread]: A project called bde already exists here.
[0m17:43:55.786917 [debug] [MainThread]: Command `dbt init` succeeded at 17:43:55.786917 after 4.29 seconds
[0m17:43:55.788878 [debug] [MainThread]: Sending event: {'category': 'dbt', 'action': 'invocation', 'label': 'end', 'context': [<snowplow_tracker.self_describing_json.SelfDescribingJson object at 0x00000162DE75F430>, <snowplow_tracker.self_describing_json.SelfDescribingJson object at 0x00000162E10CFB20>, <snowplow_tracker.self_describing_json.SelfDescribingJson object at 0x00000162E10CFA90>]}
[0m17:43:55.790877 [debug] [MainThread]: Flushing usage events
[0m17:45:39.965177 [debug] [MainThread]: Sending event: {'category': 'dbt', 'action': 'invocation', 'label': 'start', 'context': [<snowplow_tracker.self_describing_json.SelfDescribingJson object at 0x000002272FAA7430>, <snowplow_tracker.self_describing_json.SelfDescribingJson object at 0x000002273240EFB0>, <snowplow_tracker.self_describing_json.SelfDescribingJson object at 0x000002273240EDD0>]}


============================== 17:45:39.968176 | f481f74d-3592-43f9-b1cb-d609a32e8cb7 ==============================
[0m17:45:39.968176 [info ] [MainThread]: Running with dbt=1.7.0
[0m17:45:39.970179 [debug] [MainThread]: running dbt with arguments {'printer_width': '80', 'indirect_selection': 'eager', 'write_json': 'True', 'log_cache_events': 'False', 'partial_parse': 'True', 'cache_selected_only': 'False', 'profiles_dir': 'C:\\Users\\HP\\.dbt', 'version_check': 'True', 'warn_error': 'None', 'log_path': 'logs', 'debug': 'False', 'fail_fast': 'False', 'use_colors': 'True', 'use_experimental_parser': 'False', 'no_print': 'None', 'quiet': 'False', 'warn_error_options': 'WarnErrorOptions(include=[], exclude=[])', 'static_parser': 'True', 'invocation_command': 'dbt debug', 'log_format': 'default', 'target_path': 'None', 'introspect': 'True', 'send_anonymous_usage_stats': 'True'}
[0m17:45:39.971176 [info ] [MainThread]: dbt version: 1.7.0
[0m17:45:39.972194 [info ] [MainThread]: python version: 3.10.2
[0m17:45:39.974176 [info ] [MainThread]: python path: f:\ai\Documents\Sangmeshwar\UTS\Big Data Management\bd_asign3\.venv\Scripts\python.exe
[0m17:45:39.976178 [info ] [MainThread]: os info: Windows-10-10.0.18363-SP0
[0m17:45:40.072216 [info ] [MainThread]: Using profiles dir at C:\Users\HP\.dbt
[0m17:45:40.074178 [info ] [MainThread]: Using profiles.yml file at C:\Users\HP\.dbt\profiles.yml
[0m17:45:40.075177 [info ] [MainThread]: Using dbt_project.yml file at F:\ai\Documents\Sangmeshwar\UTS\Big Data Management\bd_asign3\dbt_project.yml
[0m17:45:40.076196 [info ] [MainThread]: Configuration:
[0m17:45:40.078232 [info ] [MainThread]:   profiles.yml file [[31mERROR invalid[0m]
[0m17:45:40.081184 [info ] [MainThread]:   dbt_project.yml file [[31mERROR not found[0m]
[0m17:45:40.083185 [info ] [MainThread]: Required dependencies:
[0m17:45:40.084205 [debug] [MainThread]: Executing "git --help"
[0m17:45:40.208633 [debug] [MainThread]: STDOUT: "b"usage: git [--version] [--help] [-C <path>] [-c <name>=<value>]\n           [--exec-path[=<path>]] [--html-path] [--man-path] [--info-path]\n           [-p | --paginate | -P | --no-pager] [--no-replace-objects] [--bare]\n           [--git-dir=<path>] [--work-tree=<path>] [--namespace=<name>]\n           [--super-prefix=<path>] [--config-env=<name>=<envvar>]\n           <command> [<args>]\n\nThese are common Git commands used in various situations:\n\nstart a working area (see also: git help tutorial)\n   clone             Clone a repository into a new directory\n   init              Create an empty Git repository or reinitialize an existing one\n\nwork on the current change (see also: git help everyday)\n   add               Add file contents to the index\n   mv                Move or rename a file, a directory, or a symlink\n   restore           Restore working tree files\n   rm                Remove files from the working tree and from the index\n   sparse-checkout   Initialize and modify the sparse-checkout\n\nexamine the history and state (see also: git help revisions)\n   bisect            Use binary search to find the commit that introduced a bug\n   diff              Show changes between commits, commit and working tree, etc\n   grep              Print lines matching a pattern\n   log               Show commit logs\n   show              Show various types of objects\n   status            Show the working tree status\n\ngrow, mark and tweak your common history\n   branch            List, create, or delete branches\n   commit            Record changes to the repository\n   merge             Join two or more development histories together\n   rebase            Reapply commits on top of another base tip\n   reset             Reset current HEAD to the specified state\n   switch            Switch branches\n   tag               Create, list, delete or verify a tag object signed with GPG\n\ncollaborate (see also: git help workflows)\n   fetch             Download objects and refs from another repository\n   pull              Fetch from and integrate with another repository or a local branch\n   push              Update remote refs along with associated objects\n\n'git help -a' and 'git help -g' list available subcommands and some\nconcept guides. See 'git help <command>' or 'git help <concept>'\nto read about a specific subcommand or concept.\nSee 'git help git' for an overview of the system.\n""
[0m17:45:40.209632 [debug] [MainThread]: STDERR: "b''"
[0m17:45:40.212659 [info ] [MainThread]:  - git [[32mOK found[0m]

[0m17:45:40.214652 [info ] [MainThread]: Connection test skipped since no profile was found
[0m17:45:40.216639 [info ] [MainThread]: [31m2 checks failed:[0m
[0m17:45:40.217639 [info ] [MainThread]: Could not load dbt_project.yml
Profile loading failed for the following reason:
Runtime Error
  Credentials in profile "bde", target "dev" invalid: 123456 is not of type 'string'


[0m17:45:40.219923 [info ] [MainThread]: Project loading failed for the following reason:
 project path <F:\ai\Documents\Sangmeshwar\UTS\Big Data Management\bd_asign3\dbt_project.yml> not found

[0m17:45:40.222959 [debug] [MainThread]: Command `dbt debug` failed at 17:45:40.221970 after 0.34 seconds
[0m17:45:40.223964 [debug] [MainThread]: Sending event: {'category': 'dbt', 'action': 'invocation', 'label': 'end', 'context': [<snowplow_tracker.self_describing_json.SelfDescribingJson object at 0x000002272FAA7430>, <snowplow_tracker.self_describing_json.SelfDescribingJson object at 0x000002272F2ECEB0>, <snowplow_tracker.self_describing_json.SelfDescribingJson object at 0x000002273240F160>]}
[0m17:45:40.224959 [debug] [MainThread]: Flushing usage events
[0m17:46:20.261080 [debug] [MainThread]: Sending event: {'category': 'dbt', 'action': 'invocation', 'label': 'start', 'context': [<snowplow_tracker.self_describing_json.SelfDescribingJson object at 0x000002DED66DF430>, <snowplow_tracker.self_describing_json.SelfDescribingJson object at 0x000002DED8FC1A50>, <snowplow_tracker.self_describing_json.SelfDescribingJson object at 0x000002DED8FC1870>]}


============================== 17:46:20.265082 | 0c4f5063-1d40-40cb-a4ba-e5851b8d37c4 ==============================
[0m17:46:20.265082 [info ] [MainThread]: Running with dbt=1.7.0
[0m17:46:20.267117 [debug] [MainThread]: running dbt with arguments {'printer_width': '80', 'indirect_selection': 'eager', 'log_cache_events': 'False', 'write_json': 'True', 'partial_parse': 'True', 'cache_selected_only': 'False', 'warn_error': 'None', 'version_check': 'True', 'profiles_dir': 'C:\\Users\\HP\\.dbt', 'log_path': 'logs', 'debug': 'False', 'fail_fast': 'False', 'use_colors': 'True', 'use_experimental_parser': 'False', 'no_print': 'None', 'quiet': 'False', 'log_format': 'default', 'invocation_command': 'dbt init', 'warn_error_options': 'WarnErrorOptions(include=[], exclude=[])', 'static_parser': 'True', 'target_path': 'None', 'introspect': 'True', 'send_anonymous_usage_stats': 'True'}
[0m17:46:25.790561 [debug] [MainThread]: Starter project path: f:\ai\Documents\Sangmeshwar\UTS\Big Data Management\bd_asign3\.venv\lib\site-packages\dbt\include\starter_project
[0m17:46:25.825565 [info ] [MainThread]: 
Your new dbt project "bde3" was created!

For more information on how to configure the profiles.yml file,
please consult the dbt documentation here:

  https://docs.getdbt.com/docs/configure-your-profile

One more thing:

Need help? Don't hesitate to reach out to us via GitHub issues or on Slack:

  https://community.getdbt.com/

Happy modeling!

[0m17:46:25.829572 [info ] [MainThread]: Setting up your profile.
[0m17:46:27.745813 [info ] [MainThread]: Profile bde3 written to C:\Users\HP\.dbt\profiles.yml using target's sample configuration. Once updated, you'll be able to start developing with dbt.
[0m17:46:27.750786 [debug] [MainThread]: Command `dbt init` succeeded at 17:46:27.750786 after 7.51 seconds
[0m17:46:27.751785 [debug] [MainThread]: Sending event: {'category': 'dbt', 'action': 'invocation', 'label': 'end', 'context': [<snowplow_tracker.self_describing_json.SelfDescribingJson object at 0x000002DED66DF430>, <snowplow_tracker.self_describing_json.SelfDescribingJson object at 0x000002DED272BCD0>, <snowplow_tracker.self_describing_json.SelfDescribingJson object at 0x000002DED8FC2A10>]}
[0m17:46:27.752784 [debug] [MainThread]: Flushing usage events
[0m17:49:24.539903 [debug] [MainThread]: Sending event: {'category': 'dbt', 'action': 'invocation', 'label': 'start', 'context': [<snowplow_tracker.self_describing_json.SelfDescribingJson object at 0x0000021CD8E9F430>, <snowplow_tracker.self_describing_json.SelfDescribingJson object at 0x0000021CDB80EFB0>, <snowplow_tracker.self_describing_json.SelfDescribingJson object at 0x0000021CDB80EDD0>]}


============================== 17:49:24.543905 | 99ae5a12-db95-4eb7-b8ab-0dfc58140eed ==============================
[0m17:49:24.543905 [info ] [MainThread]: Running with dbt=1.7.0
[0m17:49:24.544876 [debug] [MainThread]: running dbt with arguments {'printer_width': '80', 'indirect_selection': 'eager', 'log_cache_events': 'False', 'write_json': 'True', 'partial_parse': 'True', 'cache_selected_only': 'False', 'warn_error': 'None', 'debug': 'False', 'profiles_dir': 'C:\\Users\\HP\\.dbt', 'log_path': 'logs', 'version_check': 'True', 'fail_fast': 'False', 'use_colors': 'True', 'use_experimental_parser': 'False', 'no_print': 'None', 'quiet': 'False', 'log_format': 'default', 'invocation_command': 'dbt debug', 'introspect': 'True', 'static_parser': 'True', 'target_path': 'None', 'warn_error_options': 'WarnErrorOptions(include=[], exclude=[])', 'send_anonymous_usage_stats': 'True'}
[0m17:49:24.545912 [info ] [MainThread]: dbt version: 1.7.0
[0m17:49:24.546887 [info ] [MainThread]: python version: 3.10.2
[0m17:49:24.549885 [info ] [MainThread]: python path: f:\ai\Documents\Sangmeshwar\UTS\Big Data Management\bd_asign3\.venv\Scripts\python.exe
[0m17:49:24.551885 [info ] [MainThread]: os info: Windows-10-10.0.18363-SP0
[0m17:49:24.657879 [info ] [MainThread]: Using profiles dir at C:\Users\HP\.dbt
[0m17:49:24.659877 [info ] [MainThread]: Using profiles.yml file at C:\Users\HP\.dbt\profiles.yml
[0m17:49:24.660892 [info ] [MainThread]: Using dbt_project.yml file at F:\ai\Documents\Sangmeshwar\UTS\Big Data Management\bd_asign3\dbt_project.yml
[0m17:49:24.662874 [info ] [MainThread]: Configuration:
[0m17:49:24.664897 [info ] [MainThread]:   profiles.yml file [[31mERROR invalid[0m]
[0m17:49:24.669950 [info ] [MainThread]:   dbt_project.yml file [[31mERROR not found[0m]
[0m17:49:24.673906 [info ] [MainThread]: Required dependencies:
[0m17:49:24.675879 [debug] [MainThread]: Executing "git --help"
[0m17:49:24.727875 [debug] [MainThread]: STDOUT: "b"usage: git [--version] [--help] [-C <path>] [-c <name>=<value>]\n           [--exec-path[=<path>]] [--html-path] [--man-path] [--info-path]\n           [-p | --paginate | -P | --no-pager] [--no-replace-objects] [--bare]\n           [--git-dir=<path>] [--work-tree=<path>] [--namespace=<name>]\n           [--super-prefix=<path>] [--config-env=<name>=<envvar>]\n           <command> [<args>]\n\nThese are common Git commands used in various situations:\n\nstart a working area (see also: git help tutorial)\n   clone             Clone a repository into a new directory\n   init              Create an empty Git repository or reinitialize an existing one\n\nwork on the current change (see also: git help everyday)\n   add               Add file contents to the index\n   mv                Move or rename a file, a directory, or a symlink\n   restore           Restore working tree files\n   rm                Remove files from the working tree and from the index\n   sparse-checkout   Initialize and modify the sparse-checkout\n\nexamine the history and state (see also: git help revisions)\n   bisect            Use binary search to find the commit that introduced a bug\n   diff              Show changes between commits, commit and working tree, etc\n   grep              Print lines matching a pattern\n   log               Show commit logs\n   show              Show various types of objects\n   status            Show the working tree status\n\ngrow, mark and tweak your common history\n   branch            List, create, or delete branches\n   commit            Record changes to the repository\n   merge             Join two or more development histories together\n   rebase            Reapply commits on top of another base tip\n   reset             Reset current HEAD to the specified state\n   switch            Switch branches\n   tag               Create, list, delete or verify a tag object signed with GPG\n\ncollaborate (see also: git help workflows)\n   fetch             Download objects and refs from another repository\n   pull              Fetch from and integrate with another repository or a local branch\n   push              Update remote refs along with associated objects\n\n'git help -a' and 'git help -g' list available subcommands and some\nconcept guides. See 'git help <command>' or 'git help <concept>'\nto read about a specific subcommand or concept.\nSee 'git help git' for an overview of the system.\n""
[0m17:49:24.728875 [debug] [MainThread]: STDERR: "b''"
[0m17:49:24.728875 [info ] [MainThread]:  - git [[32mOK found[0m]

[0m17:49:24.730903 [info ] [MainThread]: Connection test skipped since no profile was found
[0m17:49:24.736877 [info ] [MainThread]: [31m2 checks failed:[0m
[0m17:49:24.739891 [info ] [MainThread]: Could not load dbt_project.yml
Profile loading failed for the following reason:
Runtime Error
  Credentials in profile "bde3", target "dev" invalid: 123456 is not of type 'string'


[0m17:49:24.742897 [info ] [MainThread]: Project loading failed for the following reason:
 project path <F:\ai\Documents\Sangmeshwar\UTS\Big Data Management\bd_asign3\dbt_project.yml> not found

[0m17:49:24.745875 [debug] [MainThread]: Command `dbt debug` failed at 17:49:24.744910 after 0.29 seconds
[0m17:49:24.745875 [debug] [MainThread]: Sending event: {'category': 'dbt', 'action': 'invocation', 'label': 'end', 'context': [<snowplow_tracker.self_describing_json.SelfDescribingJson object at 0x0000021CD8E9F430>, <snowplow_tracker.self_describing_json.SelfDescribingJson object at 0x0000021CD86ECEB0>, <snowplow_tracker.self_describing_json.SelfDescribingJson object at 0x0000021CDB80F160>]}
[0m17:49:24.749894 [debug] [MainThread]: Flushing usage events
